{"numTotalTestSuites":128,"numPassedTestSuites":128,"numFailedTestSuites":0,"numPendingTestSuites":0,"numTotalTests":413,"numPassedTests":413,"numFailedTests":0,"numPendingTests":0,"numTodoTests":0,"snapshot":{"added":0,"failure":false,"filesAdded":0,"filesRemoved":0,"filesRemovedList":[],"filesUnmatched":0,"filesUpdated":0,"matched":0,"total":0,"unchecked":0,"uncheckedKeysByFile":[],"unmatched":0,"updated":0,"didUpdate":false},"startTime":1788665645405,"success":true,"testResults":[{"assertionResults":[{"ancestorTitles":["action economy rows"],"fullName":"action economy rows returns a row per actor with movement and economy state","status":"passed","title":"returns a row per actor with movement and economy state","duration":12.222700000000032,"failureMessages":[],"meta":{},"tags":[]},{"ancestorTitles":["action economy rows"],"fullName":"action economy rows reflects turn-to-turn state changes (Dash adds movement, consumes action)","status":"passed","title":"reflects turn-to-turn state changes (Dash adds movement, consumes action)","duration":1.2504999999999882,"failureMessages":[],"meta":{},"tags":[]},{"ancestorTitles":["action economy rows"],"fullName":"action economy rows marks unconscious combatants and active actor state correctly","status":"passed","title":"marks unconscious combatants and active actor state correctly","duration":1.387399999999957,"failureMessages":[],"meta":{},"tags":[]},{"ancestorTitles":["action economy rows"],"fullName":"action economy rows returns nothing when there is no battle map","status":"passed","title":"returns nothing when there is no battle map","duration":0.8898000000000366,"failureMessages":[],"meta":{},"tags":[]}],"startTime":1788665656633,"endTime":1788665656649.89,"status":"passed","message":"","name":"C:/dev/AIDM/src/test/action-economy-format.test.ts"},{"assertionResults":[{"ancestorTitles":["adventure registry"],"fullName":"adventure registry includes built-in and template adventures","status":"passed","title":"includes built-in and template adventures","duration":73.05160000000001,"failureMessages":[],"meta":{},"tags":[]},{"ancestorTitles":["adventure registry"],"fullName":"adventure registry loads template module scene order","status":"passed","title":"loads template module scene order","duration":80.34750000000008,"failureMessages":[],"meta":{},"tags":[]},{"ancestorTitles":["adventure registry"],"fullName":"adventure registry starts new games on the first scene in sceneOrder","status":"passed","title":"starts new games on the first scene in sceneOrder","duration":45.47959999999989,"failureMessages":[],"meta":{},"tags":[]}],"startTime":1788665655105,"endTime":1788665655304.4795,"status":"passed","message":"","name":"C:/dev/AIDM/src/test/adventure-registry.test.ts"},{"assertionResults":[{"ancestorTitles":["AI turn contract — schema accepts valid, repairs and rejects invalid"],"fullName":"AI turn contract — schema accepts valid, repairs and rejects invalid accepts a valid spatial query request","status":"passed","title":"accepts a valid spatial query request","duration":14.226599999999962,"failureMessages":[],"meta":{},"tags":[]},{"ancestorTitles":["AI turn contract — schema accepts valid, repairs and rejects invalid"],"fullName":"AI turn contract — schema accepts valid, repairs and rejects invalid accepts a valid tactical attack and repairs type->kind","status":"passed","title":"accepts a valid tactical attack and repairs type->kind","duration":2.0601999999998952,"failureMessages":[],"meta":{},"tags":[]},{"ancestorTitles":["AI turn contract — schema accepts valid, repairs and rejects invalid"],"fullName":"AI turn contract — schema accepts valid, repairs and rejects invalid drops a malformed engine request instead of failing the whole turn","status":"passed","title":"drops a malformed engine request instead of failing the whole turn","duration":4.727399999999989,"failureMessages":[],"meta":{},"tags":[]},{"ancestorTitles":["AI turn contract — schema accepts valid, repairs and rejects invalid"],"fullName":"AI turn contract — schema accepts valid, repairs and rejects invalid caps engine requests at the per-turn maximum","status":"passed","title":"caps engine requests at the per-turn maximum","duration":1.3346000000001368,"failureMessages":[],"meta":{},"tags":[]},{"ancestorTitles":["AI cannot invent movement / arrival"],"fullName":"AI cannot invent movement / arrival warns when narration claims arrival but no successful move_area happened","status":"passed","title":"warns when narration claims arrival but no successful move_area happened","duration":3.4978000000000975,"failureMessages":[],"meta":{},"tags":[]},{"ancestorTitles":["AI cannot invent movement / arrival"],"fullName":"AI cannot invent movement / arrival warns when narration claims arrival but the move_area failed","status":"passed","title":"warns when narration claims arrival but the move_area failed","duration":1.9280999999998585,"failureMessages":[],"meta":{},"tags":[]},{"ancestorTitles":["AI cannot invent combat outcomes"],"fullName":"AI cannot invent combat outcomes warns when prose claims success but the engine result failed","status":"passed","title":"warns when prose claims success but the engine result failed","duration":2.4319000000000415,"failureMessages":[],"meta":{},"tags":[]},{"ancestorTitles":["AI cannot invent combat outcomes"],"fullName":"AI cannot invent combat outcomes warns when prose implies a monster acts at 0 HP","status":"passed","title":"warns when prose implies a monster acts at 0 HP","duration":111.88629999999989,"failureMessages":[],"meta":{},"tags":[]},{"ancestorTitles":["AI cannot invent combat outcomes"],"fullName":"AI cannot invent combat outcomes warns when narration contradicts the active character HP","status":"passed","title":"warns when narration contradicts the active character HP","duration":4.445600000000013,"failureMessages":[],"meta":{},"tags":[]},{"ancestorTitles":["AI clean turn produces no warnings"],"fullName":"AI clean turn produces no warnings a faithful narration of a successful result is not flagged","status":"passed","title":"a faithful narration of a successful result is not flagged","duration":0.9929999999999382,"failureMessages":[],"meta":{},"tags":[]}],"startTime":1788665655159,"endTime":1788665655308.993,"status":"passed","message":"","name":"C:/dev/AIDM/src/test/ai-consistency-harness.test.ts"},{"assertionResults":[{"ancestorTitles":["no-key API smoke flow"],"fullName":"no-key API smoke flow starts a session, responds in Table Rules mode, and safely rejects silly input","status":"passed","title":"starts a session, responds in Table Rules mode, and safely rejects silly input","duration":130.0106999999989,"failureMessages":[],"meta":{},"tags":[]},{"ancestorTitles":["no-key API smoke flow"],"fullName":"no-key API smoke flow rejects out-of-bounds manual rolls before processing a turn","status":"passed","title":"rejects out-of-bounds manual rolls before processing a turn","duration":7.255600000000413,"failureMessages":[],"meta":{},"tags":[]},{"ancestorTitles":["no-key API smoke flow"],"fullName":"no-key API smoke flow reports secret-safe health information","status":"passed","title":"reports secret-safe health information","duration":3.7265000000006694,"failureMessages":[],"meta":{},"tags":[]},{"ancestorTitles":["no-key API smoke flow"],"fullName":"no-key API smoke flow enforces an optional per-session turn cap","status":"passed","title":"enforces an optional per-session turn cap","duration":5.694900000000416,"failureMessages":[],"meta":{},"tags":[]}],"startTime":1788665653776,"endTime":1788665653922.6948,"status":"passed","message":"","name":"C:/dev/AIDM/src/test/api-smoke.test.ts"},{"assertionResults":[{"ancestorTitles":["area graph movement"],"fullName":"area graph movement allows movement along an unblocked connection","status":"passed","title":"allows movement along an unblocked connection","duration":6.299600000000055,"failureMessages":[],"meta":{},"tags":[]},{"ancestorTitles":["area graph movement"],"fullName":"area graph movement rejects movement to an area with no direct connection","status":"passed","title":"rejects movement to an area with no direct connection","duration":2.455600000000004,"failureMessages":[],"meta":{},"tags":[]},{"ancestorTitles":["area graph movement"],"fullName":"area graph movement rejects movement through blocked or unmet gated connections","status":"passed","title":"rejects movement through blocked or unmet gated connections","duration":1.4379000000000133,"failureMessages":[],"meta":{},"tags":[]},{"ancestorTitles":["area graph movement"],"fullName":"area graph movement returns copied state for successful moves and unchanged state for failed moves","status":"passed","title":"returns copied state for successful moves and unchanged state for failed moves","duration":1.3636999999999944,"failureMessages":[],"meta":{},"tags":[]},{"ancestorTitles":["area graph movement"],"fullName":"area graph movement finds actors sharing an area, excluding self","status":"passed","title":"finds actors sharing an area, excluding self","duration":0.9696999999999889,"failureMessages":[],"meta":{},"tags":[]},{"ancestorTitles":["area graph movement"],"fullName":"area graph movement finds multi-step paths and respects gating when asked","status":"passed","title":"finds multi-step paths and respects gating when asked","duration":1.7580000000000382,"failureMessages":[],"meta":{},"tags":[]}],"startTime":1788665656919,"endTime":1788665656933.758,"status":"passed","message":"","name":"C:/dev/AIDM/src/test/area-graph.test.ts"},{"assertionResults":[{"ancestorTitles":["basic first-minute player prompts"],"fullName":"basic first-minute player prompts handles normal prompt: look around","status":"passed","title":"handles normal prompt: look around","duration":12.91579999999999,"failureMessages":[],"meta":{},"tags":[]},{"ancestorTitles":["basic first-minute player prompts"],"fullName":"basic first-minute player prompts handles normal prompt: i look around","status":"passed","title":"handles normal prompt: i look around","duration":3.0662999999999556,"failureMessages":[],"meta":{},"tags":[]},{"ancestorTitles":["basic first-minute player prompts"],"fullName":"basic first-minute player prompts handles normal prompt: what do i see","status":"passed","title":"handles normal prompt: what do i see","duration":0.9231999999999516,"failureMessages":[],"meta":{},"tags":[]},{"ancestorTitles":["basic first-minute player prompts"],"fullName":"basic first-minute player prompts handles normal prompt: describe the room","status":"passed","title":"handles normal prompt: describe the room","duration":0.6989999999998417,"failureMessages":[],"meta":{},"tags":[]},{"ancestorTitles":["basic first-minute player prompts"],"fullName":"basic first-minute player prompts handles normal prompt: where am i","status":"passed","title":"handles normal prompt: where am i","duration":0.7473999999999705,"failureMessages":[],"meta":{},"tags":[]},{"ancestorTitles":["basic first-minute player prompts"],"fullName":"basic first-minute player prompts handles normal prompt: who is here","status":"passed","title":"handles normal prompt: who is here","duration":0.9203999999999724,"failureMessages":[],"meta":{},"tags":[]},{"ancestorTitles":["basic first-minute player prompts"],"fullName":"basic first-minute player prompts handles normal prompt: what is happening","status":"passed","title":"handles normal prompt: what is happening","duration":0.7059999999999036,"failureMessages":[],"meta":{},"tags":[]},{"ancestorTitles":["basic first-minute player prompts"],"fullName":"basic first-minute player prompts handles normal prompt: do i notice anything unusual","status":"passed","title":"handles normal prompt: do i notice anything unusual","duration":0.7082000000000335,"failureMessages":[],"meta":{},"tags":[]},{"ancestorTitles":["basic first-minute player prompts"],"fullName":"basic first-minute player prompts handles normal prompt: talk to mira","status":"passed","title":"handles normal prompt: talk to mira","duration":1.1312000000000353,"failureMessages":[],"meta":{},"tags":[]},{"ancestorTitles":["basic first-minute player prompts"],"fullName":"basic first-minute player prompts handles normal prompt: i talk to mira","status":"passed","title":"handles normal prompt: i talk to mira","duration":1.152599999999893,"failureMessages":[],"meta":{},"tags":[]},{"ancestorTitles":["basic first-minute player prompts"],"fullName":"basic first-minute player prompts handles normal prompt: ask mira about the courier","status":"passed","title":"handles normal prompt: ask mira about the courier","duration":2.0439000000001215,"failureMessages":[],"meta":{},"tags":[]},{"ancestorTitles":["basic first-minute player prompts"],"fullName":"basic first-minute player prompts handles normal prompt: i ask mira where the courier went","status":"passed","title":"handles normal prompt: i ask mira where the courier went","duration":0.6897000000001299,"failureMessages":[],"meta":{},"tags":[]},{"ancestorTitles":["basic first-minute player prompts"],"fullName":"basic first-minute player prompts handles normal prompt: ask about the missing courier","status":"passed","title":"handles normal prompt: ask about the missing courier","duration":0.6065000000000964,"failureMessages":[],"meta":{},"tags":[]},{"ancestorTitles":["basic first-minute player prompts"],"fullName":"basic first-minute player prompts handles normal prompt: offer coin for information","status":"passed","title":"handles normal prompt: offer coin for information","duration":0.7058999999999287,"failureMessages":[],"meta":{},"tags":[]},{"ancestorTitles":["basic first-minute player prompts"],"fullName":"basic first-minute player prompts handles normal prompt: persuade mira to help","status":"passed","title":"handles normal prompt: persuade mira to help","duration":0.4078999999999269,"failureMessages":[],"meta":{},"tags":[]},{"ancestorTitles":["basic first-minute player prompts"],"fullName":"basic first-minute player prompts handles normal prompt: study the patrons","status":"passed","title":"handles normal prompt: study the patrons","duration":0.40599999999994907,"failureMessages":[],"meta":{},"tags":[]},{"ancestorTitles":["basic first-minute player prompts"],"fullName":"basic first-minute player prompts handles normal prompt: i study the inn patrons","status":"passed","title":"handles normal prompt: i study the inn patrons","duration":0.36629999999991014,"failureMessages":[],"meta":{},"tags":[]},{"ancestorTitles":["basic first-minute player prompts"],"fullName":"basic first-minute player prompts handles normal prompt: look for clues","status":"passed","title":"handles normal prompt: look for clues","duration":0.3692000000000917,"failureMessages":[],"meta":{},"tags":[]},{"ancestorTitles":["basic first-minute player prompts"],"fullName":"basic first-minute player prompts handles normal prompt: search for clues","status":"passed","title":"handles normal prompt: search for clues","duration":0.40380000000004657,"failureMessages":[],"meta":{},"tags":[]},{"ancestorTitles":["basic first-minute player prompts"],"fullName":"basic first-minute player prompts handles normal prompt: inspect the room","status":"passed","title":"handles normal prompt: inspect the room","duration":0.4435000000000855,"failureMessages":[],"meta":{},"tags":[]},{"ancestorTitles":["basic first-minute player prompts"],"fullName":"basic first-minute player prompts handles normal prompt: check the windows","status":"passed","title":"handles normal prompt: check the windows","duration":0.38279999999986103,"failureMessages":[],"meta":{},"tags":[]},{"ancestorTitles":["basic first-minute player prompts"],"fullName":"basic first-minute player prompts handles normal prompt: listen for rumours","status":"passed","title":"handles normal prompt: listen for rumours","duration":0.38850000000002183,"failureMessages":[],"meta":{},"tags":[]},{"ancestorTitles":["basic first-minute player prompts"],"fullName":"basic first-minute player prompts handles normal prompt: look for tracks","status":"passed","title":"handles normal prompt: look for tracks","duration":0.39580000000000837,"failureMessages":[],"meta":{},"tags":[]},{"ancestorTitles":["basic first-minute player prompts"],"fullName":"basic first-minute player prompts handles normal prompt: go outside","status":"passed","title":"handles normal prompt: go outside","duration":1.370300000000043,"failureMessages":[],"meta":{},"tags":[]},{"ancestorTitles":["basic first-minute player prompts"],"fullName":"basic first-minute player prompts handles normal prompt: leave the inn","status":"passed","title":"handles normal prompt: leave the inn","duration":1.164600000000064,"failureMessages":[],"meta":{},"tags":[]},{"ancestorTitles":["basic first-minute player prompts"],"fullName":"basic first-minute player prompts handles normal prompt: walk to the door","status":"passed","title":"handles normal prompt: walk to the door","duration":0.4901999999999589,"failureMessages":[],"meta":{},"tags":[]},{"ancestorTitles":["basic first-minute player prompts"],"fullName":"basic first-minute player prompts handles normal prompt: head toward the road","status":"passed","title":"handles normal prompt: head toward the road","duration":0.383199999999988,"failureMessages":[],"meta":{},"tags":[]},{"ancestorTitles":["basic first-minute player prompts"],"fullName":"basic first-minute player prompts handles normal prompt: go upstairs","status":"passed","title":"handles normal prompt: go upstairs","duration":0.4235000000001037,"failureMessages":[],"meta":{},"tags":[]},{"ancestorTitles":["basic first-minute player prompts"],"fullName":"basic first-minute player prompts handles normal prompt: go to the bar","status":"passed","title":"handles normal prompt: go to the bar","duration":0.4695000000001528,"failureMessages":[],"meta":{},"tags":[]},{"ancestorTitles":["basic first-minute player prompts"],"fullName":"basic first-minute player prompts handles normal prompt: approach mira","status":"passed","title":"handles normal prompt: approach mira","duration":0.6167000000000371,"failureMessages":[],"meta":{},"tags":[]},{"ancestorTitles":["basic first-minute player prompts"],"fullName":"basic first-minute player prompts handles normal prompt: what am i carrying","status":"passed","title":"handles normal prompt: what am i carrying","duration":0.42049999999994725,"failureMessages":[],"meta":{},"tags":[]},{"ancestorTitles":["basic first-minute player prompts"],"fullName":"basic first-minute player prompts handles normal prompt: open inventory","status":"passed","title":"handles normal prompt: open inventory","duration":0.42010000000004766,"failureMessages":[],"meta":{},"tags":[]},{"ancestorTitles":["basic first-minute player prompts"],"fullName":"basic first-minute player prompts handles normal prompt: show inventory","status":"passed","title":"handles normal prompt: show inventory","duration":0.47450000000003456,"failureMessages":[],"meta":{},"tags":[]},{"ancestorTitles":["basic first-minute player prompts"],"fullName":"basic first-minute player prompts handles normal prompt: what is my health","status":"passed","title":"handles normal prompt: what is my health","duration":0.6170999999999367,"failureMessages":[],"meta":{},"tags":[]},{"ancestorTitles":["basic first-minute player prompts"],"fullName":"basic first-minute player prompts handles normal prompt: how hurt am i","status":"passed","title":"handles normal prompt: how hurt am i","duration":0.36770000000001346,"failureMessages":[],"meta":{},"tags":[]},{"ancestorTitles":["basic first-minute player prompts"],"fullName":"basic first-minute player prompts handles normal prompt: what is my armor class","status":"passed","title":"handles normal prompt: what is my armor class","duration":0.35619999999994434,"failureMessages":[],"meta":{},"tags":[]},{"ancestorTitles":["basic first-minute player prompts"],"fullName":"basic first-minute player prompts handles normal prompt: what can i do","status":"passed","title":"handles normal prompt: what can i do","duration":0.39210000000002765,"failureMessages":[],"meta":{},"tags":[]},{"ancestorTitles":["basic first-minute player prompts"],"fullName":"basic first-minute player prompts handles normal prompt: help","status":"passed","title":"handles normal prompt: help","duration":0.32600000000002183,"failureMessages":[],"meta":{},"tags":[]},{"ancestorTitles":["basic first-minute player prompts"],"fullName":"basic first-minute player prompts handles normal prompt: draw my sword","status":"passed","title":"handles normal prompt: draw my sword","duration":0.3967999999999847,"failureMessages":[],"meta":{},"tags":[]},{"ancestorTitles":["basic first-minute player prompts"],"fullName":"basic first-minute player prompts handles normal prompt: ready my weapon","status":"passed","title":"handles normal prompt: ready my weapon","duration":0.43869999999992615,"failureMessages":[],"meta":{},"tags":[]},{"ancestorTitles":["basic first-minute player prompts"],"fullName":"basic first-minute player prompts handles normal prompt: i attack","status":"passed","title":"handles normal prompt: i attack","duration":0.5106000000000677,"failureMessages":[],"meta":{},"tags":[]},{"ancestorTitles":["basic first-minute player prompts"],"fullName":"basic first-minute player prompts handles normal prompt: i attack mira","status":"passed","title":"handles normal prompt: i attack mira","duration":1.3876000000000204,"failureMessages":[],"meta":{},"tags":[]},{"ancestorTitles":["basic first-minute player prompts"],"fullName":"basic first-minute player prompts handles normal prompt: i punch a patron","status":"passed","title":"handles normal prompt: i punch a patron","duration":0.3973000000000866,"failureMessages":[],"meta":{},"tags":[]},{"ancestorTitles":["basic first-minute player prompts"],"fullName":"basic first-minute player prompts lets players commit to leaving the social scene: go outside","status":"passed","title":"lets players commit to leaving the social scene: go outside","duration":0.9728000000000065,"failureMessages":[],"meta":{},"tags":[]},{"ancestorTitles":["basic first-minute player prompts"],"fullName":"basic first-minute player prompts lets players commit to leaving the social scene: leave the inn","status":"passed","title":"lets players commit to leaving the social scene: leave the inn","duration":0.7648999999998978,"failureMessages":[],"meta":{},"tags":[]},{"ancestorTitles":["basic first-minute player prompts"],"fullName":"basic first-minute player prompts lets players commit to leaving the social scene: walk to the door","status":"passed","title":"lets players commit to leaving the social scene: walk to the door","duration":0.43470000000002074,"failureMessages":[],"meta":{},"tags":[]},{"ancestorTitles":["basic first-minute player prompts"],"fullName":"basic first-minute player prompts lets players commit to leaving the social scene: head toward the road","status":"passed","title":"lets players commit to leaving the social scene: head toward the road","duration":0.44470000000001164,"failureMessages":[],"meta":{},"tags":[]},{"ancestorTitles":["basic first-minute player prompts"],"fullName":"basic first-minute player prompts lets players commit to leaving the social scene: walk north into empty farmland","status":"passed","title":"lets players commit to leaving the social scene: walk north into empty farmland","duration":0.702199999999948,"failureMessages":[],"meta":{},"tags":[]},{"ancestorTitles":["basic first-minute player prompts"],"fullName":"basic first-minute player prompts safely grounds impossible prompt: i stab the moon","status":"passed","title":"safely grounds impossible prompt: i stab the moon","duration":1.575399999999945,"failureMessages":[],"meta":{},"tags":[]},{"ancestorTitles":["basic first-minute player prompts"],"fullName":"basic first-minute player prompts safely grounds impossible prompt: i seduce the locked door","status":"passed","title":"safely grounds impossible prompt: i seduce the locked door","duration":0.69399999999996,"failureMessages":[],"meta":{},"tags":[]},{"ancestorTitles":["basic first-minute player prompts"],"fullName":"basic first-minute player prompts safely grounds impossible prompt: i pull out a machine gun","status":"passed","title":"safely grounds impossible prompt: i pull out a machine gun","duration":0.45630000000005566,"failureMessages":[],"meta":{},"tags":[]},{"ancestorTitles":["basic first-minute player prompts"],"fullName":"basic first-minute player prompts safely grounds impossible prompt: i skip to the treasure","status":"passed","title":"safely grounds impossible prompt: i skip to the treasure","duration":0.37590000000000146,"failureMessages":[],"meta":{},"tags":[]},{"ancestorTitles":["basic first-minute player prompts"],"fullName":"basic first-minute player prompts safely grounds impossible prompt: i ask the goblin for the final boss password","status":"passed","title":"safely grounds impossible prompt: i ask the goblin for the final boss password","duration":0.3909000000001015,"failureMessages":[],"meta":{},"tags":[]},{"ancestorTitles":["basic first-minute player prompts"],"fullName":"basic first-minute player prompts safely grounds impossible prompt: i fly away","status":"passed","title":"safely grounds impossible prompt: i fly away","duration":0.3690999999998894,"failureMessages":[],"meta":{},"tags":[]},{"ancestorTitles":["basic first-minute player prompts"],"fullName":"basic first-minute player prompts does not expose future enemies in the social scene response","status":"passed","title":"does not expose future enemies in the social scene response","duration":3.320799999999963,"failureMessages":[],"meta":{},"tags":[]},{"ancestorTitles":["basic first-minute player prompts"],"fullName":"basic first-minute player prompts uses social narration after a successful social check advances the scene","status":"passed","title":"uses social narration after a successful social check advances the scene","duration":10.938699999999926,"failureMessages":[],"meta":{},"tags":[]},{"ancestorTitles":["basic first-minute player prompts"],"fullName":"basic first-minute player prompts does not apply success consequences after a failed social check","status":"passed","title":"does not apply success consequences after a failed social check","duration":2.4650000000001455,"failureMessages":[],"meta":{},"tags":[]},{"ancestorTitles":["basic first-minute player prompts"],"fullName":"basic first-minute player prompts handles player limit test: spell abuse","status":"passed","title":"handles player limit test: spell abuse","duration":0.5656999999998789,"failureMessages":[],"meta":{},"tags":[]},{"ancestorTitles":["basic first-minute player prompts"],"fullName":"basic first-minute player prompts handles player limit test: action economy pileup","status":"passed","title":"handles player limit test: action economy pileup","duration":0.3708999999998923,"failureMessages":[],"meta":{},"tags":[]},{"ancestorTitles":["basic first-minute player prompts"],"fullName":"basic first-minute player prompts handles player limit test: homebrew item","status":"passed","title":"handles player limit test: homebrew item","duration":0.30349999999998545,"failureMessages":[],"meta":{},"tags":[]},{"ancestorTitles":["basic first-minute player prompts"],"fullName":"basic first-minute player prompts handles player limit test: rules argument","status":"passed","title":"handles player limit test: rules argument","duration":0.3447000000001026,"failureMessages":[],"meta":{},"tags":[]},{"ancestorTitles":["basic first-minute player prompts"],"fullName":"basic first-minute player prompts handles player limit test: party loot conflict","status":"passed","title":"handles player limit test: party loot conflict","duration":0.29930000000013024,"failureMessages":[],"meta":{},"tags":[]},{"ancestorTitles":["basic first-minute player prompts"],"fullName":"basic first-minute player prompts handles player limit test: lore pumping","status":"passed","title":"handles player limit test: lore pumping","duration":0.2849999999998545,"failureMessages":[],"meta":{},"tags":[]},{"ancestorTitles":["basic first-minute player prompts"],"fullName":"basic first-minute player prompts applies social consequences when players plan crimes in front of an NPC","status":"passed","title":"applies social consequences when players plan crimes in front of an NPC","duration":31.62090000000012,"failureMessages":[],"meta":{},"tags":[]}],"startTime":1788665653761,"endTime":1788665653862.6208,"status":"passed","message":"","name":"C:/dev/AIDM/src/test/basic-player-prompts.test.ts"},{"assertionResults":[{"ancestorTitles":["battlemap view-model"],"fullName":"battlemap view-model renders party and monster tokens at their positions","status":"passed","title":"renders party and monster tokens at their positions","duration":13.063199999999938,"failureMessages":[],"meta":{},"tags":[]},{"ancestorTitles":["battlemap view-model"],"fullName":"battlemap view-model renders terrain (blocked/difficult), cover, and a Large 2x2 footprint","status":"passed","title":"renders terrain (blocked/difficult), cover, and a Large 2x2 footprint","duration":2.04219999999998,"failureMessages":[],"meta":{},"tags":[]},{"ancestorTitles":["battlemap view-model"],"fullName":"battlemap view-model marks selected token and lights up its reachable cells","status":"passed","title":"marks selected token and lights up its reachable cells","duration":8.261799999999994,"failureMessages":[],"meta":{},"tags":[]},{"ancestorTitles":["battlemap interaction (suggestions only — never mutates state)"],"fullName":"battlemap interaction (suggestions only — never mutates state) selects a token when tapping it with nothing selected","status":"passed","title":"selects a token when tapping it with nothing selected","duration":1.8786000000000058,"failureMessages":[],"meta":{},"tags":[]},{"ancestorTitles":["battlemap interaction (suggestions only — never mutates state)"],"fullName":"battlemap interaction (suggestions only — never mutates state) does nothing tapping empty ground with nothing selected","status":"passed","title":"does nothing tapping empty ground with nothing selected","duration":1.7907000000000153,"failureMessages":[],"meta":{},"tags":[]},{"ancestorTitles":["battlemap interaction (suggestions only — never mutates state)"],"fullName":"battlemap interaction (suggestions only — never mutates state) suggests a move (not a mutation) when tapping a reachable empty cell","status":"passed","title":"suggests a move (not a mutation) when tapping a reachable empty cell","duration":4.372799999999984,"failureMessages":[],"meta":{},"tags":[]},{"ancestorTitles":["battlemap interaction (suggestions only — never mutates state)"],"fullName":"battlemap interaction (suggestions only — never mutates state) does not suggest a move to an unreachable cell","status":"passed","title":"does not suggest a move to an unreachable cell","duration":2.2345000000000255,"failureMessages":[],"meta":{},"tags":[]},{"ancestorTitles":["battlemap interaction (suggestions only — never mutates state)"],"fullName":"battlemap interaction (suggestions only — never mutates state) suggests an attack when tapping a hostile token","status":"passed","title":"suggests an attack when tapping a hostile token","duration":1.4329000000000178,"failureMessages":[],"meta":{},"tags":[]},{"ancestorTitles":["battlemap interaction (suggestions only — never mutates state)"],"fullName":"battlemap interaction (suggestions only — never mutates state) reselects when tapping an allied token","status":"passed","title":"reselects when tapping an allied token","duration":2.1479000000000497,"failureMessages":[],"meta":{},"tags":[]},{"ancestorTitles":["battlemap interaction (suggestions only — never mutates state)"],"fullName":"battlemap interaction (suggestions only — never mutates state) treats out-of-bounds taps as no-ops","status":"passed","title":"treats out-of-bounds taps as no-ops","duration":1.5605999999999085,"failureMessages":[],"meta":{},"tags":[]},{"ancestorTitles":["toDisplayCommand — human-readable suggestions"],"fullName":"toDisplayCommand — human-readable suggestions formats a move suggestion with the actor name","status":"passed","title":"formats a move suggestion with the actor name","duration":0.6747000000000298,"failureMessages":[],"meta":{},"tags":[]},{"ancestorTitles":["toDisplayCommand — human-readable suggestions"],"fullName":"toDisplayCommand — human-readable suggestions formats an attack suggestion with names","status":"passed","title":"formats an attack suggestion with names","duration":0.4015999999999167,"failureMessages":[],"meta":{},"tags":[]},{"ancestorTitles":["toDisplayCommand — human-readable suggestions"],"fullName":"toDisplayCommand — human-readable suggestions returns null for select/noop (no command to send)","status":"passed","title":"returns null for select/noop (no command to send)","duration":0.5071000000000367,"failureMessages":[],"meta":{},"tags":[]}],"startTime":1788665656203,"endTime":1788665656244.507,"status":"passed","message":"","name":"C:/dev/AIDM/src/test/battlemap-view.test.ts"},{"assertionResults":[{"ancestorTitles":["built-in scenario offline flows"],"fullName":"built-in scenario offline flows completes tutorial in deterministic Table Rules mode","status":"passed","title":"completes tutorial in deterministic Table Rules mode","duration":92.33310000000006,"failureMessages":[],"meta":{},"tags":[]},{"ancestorTitles":["built-in scenario offline flows"],"fullName":"built-in scenario offline flows completes brindlehook-inn in deterministic Table Rules mode","status":"passed","title":"completes brindlehook-inn in deterministic Table Rules mode","duration":13.901399999999967,"failureMessages":[],"meta":{},"tags":[]},{"ancestorTitles":["built-in scenario offline flows"],"fullName":"built-in scenario offline flows completes crypt-of-whispers in deterministic Table Rules mode","status":"passed","title":"completes crypt-of-whispers in deterministic Table Rules mode","duration":6.002499999999827,"failureMessages":[],"meta":{},"tags":[]},{"ancestorTitles":["built-in scenario offline flows"],"fullName":"built-in scenario offline flows completes smugglers-cove in deterministic Table Rules mode","status":"passed","title":"completes smugglers-cove in deterministic Table Rules mode","duration":2.9352000000001226,"failureMessages":[],"meta":{},"tags":[]}],"startTime":1788665653752,"endTime":1788665653867.9353,"status":"passed","message":"","name":"C:/dev/AIDM/src/test/builtin-scenario-flow.test.ts"},{"assertionResults":[{"ancestorTitles":["SKT campaign definition"],"fullName":"SKT campaign definition is structurally valid (no dangling refs, valid graph)","status":"passed","title":"is structurally valid (no dangling refs, valid graph)","duration":7.526399999999967,"failureMessages":[],"meta":{},"tags":[]},{"ancestorTitles":["SKT campaign definition"],"fullName":"SKT campaign definition covers the full 12-chapter campaign starting at Nightstone","status":"passed","title":"covers the full 12-chapter campaign starting at Nightstone","duration":3.5005999999998494,"failureMessages":[],"meta":{},"tags":[]},{"ancestorTitles":["SKT campaign definition"],"fullName":"SKT campaign definition makes every chapter reachable from the start via transitions","status":"passed","title":"makes every chapter reachable from the start via transitions","duration":1.0205000000000837,"failureMessages":[],"meta":{},"tags":[]},{"ancestorTitles":["SKT campaign definition"],"fullName":"SKT campaign definition gives every chapter level range, locations, and conditions","status":"passed","title":"gives every chapter level range, locations, and conditions","duration":4.6737000000000535,"failureMessages":[],"meta":{},"tags":[]},{"ancestorTitles":["SKT campaign definition"],"fullName":"SKT campaign definition marks Chapter 1 as authored and links the real module; rest are honest scaffolds","status":"passed","title":"marks Chapter 1 as authored and links the real module; rest are honest scaffolds","duration":49.02690000000007,"failureMessages":[],"meta":{},"tags":[]},{"ancestorTitles":["SKT campaign definition"],"fullName":"SKT campaign definition models milestone levelling, one per chapter, non-decreasing","status":"passed","title":"models milestone levelling, one per chapter, non-decreasing","duration":5.613500000000158,"failureMessages":[],"meta":{},"tags":[]},{"ancestorTitles":["SKT campaign definition"],"fullName":"SKT campaign definition keeps late-campaign reveals as dm_secret, not player_known","status":"passed","title":"keeps late-campaign reveals as dm_secret, not player_known","duration":0.9598999999998341,"failureMessages":[],"meta":{},"tags":[]},{"ancestorTitles":["SKT campaign definition"],"fullName":"SKT campaign definition does not contain long prose (scaffold facts stay short)","status":"passed","title":"does not contain long prose (scaffold facts stay short)","duration":1.0932000000000244,"failureMessages":[],"meta":{},"tags":[]}],"startTime":1788665655260,"endTime":1788665655334.0933,"status":"passed","message":"","name":"C:/dev/AIDM/src/test/campaign-skt.test.ts"},{"assertionResults":[{"ancestorTitles":["cover in ranged attack resolution"],"fullName":"cover in ranged attack resolution no cover: a 13 hits AC 12","status":"passed","title":"no cover: a 13 hits AC 12","duration":63.62650000000008,"failureMessages":[],"meta":{},"tags":[]},{"ancestorTitles":["cover in ranged attack resolution"],"fullName":"cover in ranged attack resolution half cover raises AC by 2 and turns the same hit into a miss","status":"passed","title":"half cover raises AC by 2 and turns the same hit into a miss","duration":6.486100000000079,"failureMessages":[],"meta":{},"tags":[]},{"ancestorTitles":["cover in ranged attack resolution"],"fullName":"cover in ranged attack resolution three-quarters cover raises AC by 5","status":"passed","title":"three-quarters cover raises AC by 5","duration":1.6178999999999633,"failureMessages":[],"meta":{},"tags":[]},{"ancestorTitles":["cover in ranged attack resolution"],"fullName":"cover in ranged attack resolution total cover (sight-blocking wall between) blocks the attack entirely","status":"passed","title":"total cover (sight-blocking wall between) blocks the attack entirely","duration":1.5239999999998872,"failureMessages":[],"meta":{},"tags":[]},{"ancestorTitles":["cover in ranged attack resolution"],"fullName":"cover in ranged attack resolution melee attacks ignore cover (ranged flag not set)","status":"passed","title":"melee attacks ignore cover (ranged flag not set)","duration":1.3156999999998789,"failureMessages":[],"meta":{},"tags":[]},{"ancestorTitles":["cover in ranged attack resolution"],"fullName":"cover in ranged attack resolution a hit through half cover still exposes cover details for narration","status":"passed","title":"a hit through half cover still exposes cover details for narration","duration":1.8406999999999698,"failureMessages":[],"meta":{},"tags":[]}],"startTime":1788665655255,"endTime":1788665655331.8408,"status":"passed","message":"","name":"C:/dev/AIDM/src/test/cover-attack.test.ts"},{"assertionResults":[{"ancestorTitles":["hasLlmCredentials"],"fullName":"hasLlmCredentials returns false when PARTYQUEST_FORCE_MOCK is true","status":"passed","title":"returns false when PARTYQUEST_FORCE_MOCK is true","duration":5.37639999999999,"failureMessages":[],"meta":{},"tags":[]},{"ancestorTitles":["hasLlmCredentials"],"fullName":"hasLlmCredentials returns true when Groq key is set (default provider)","status":"passed","title":"returns true when Groq key is set (default provider)","duration":0.8884000000000469,"failureMessages":[],"meta":{},"tags":[]},{"ancestorTitles":["hasLlmCredentials"],"fullName":"hasLlmCredentials returns true when multiple Groq keys are configured","status":"passed","title":"returns true when multiple Groq keys are configured","duration":0.6000999999999976,"failureMessages":[],"meta":{},"tags":[]},{"ancestorTitles":["hasLlmCredentials"],"fullName":"hasLlmCredentials returns true when provider list includes openai and OpenAI key is set","status":"passed","title":"returns true when provider list includes openai and OpenAI key is set","duration":0.5902000000000953,"failureMessages":[],"meta":{},"tags":[]},{"ancestorTitles":["hasLlmCredentials"],"fullName":"hasLlmCredentials returns true when provider list includes openrouter and OpenRouter key is set","status":"passed","title":"returns true when provider list includes openrouter and OpenRouter key is set","duration":0.5704000000000633,"failureMessages":[],"meta":{},"tags":[]},{"ancestorTitles":["hasLlmCredentials"],"fullName":"hasLlmCredentials returns false when no keys are set","status":"passed","title":"returns false when no keys are set","duration":0.48430000000007567,"failureMessages":[],"meta":{},"tags":[]},{"ancestorTitles":["useMockFlavorPrefix"],"fullName":"useMockFlavorPrefix is opt-in via PARTYQUEST_MOCK_FLAVOR=true","status":"passed","title":"is opt-in via PARTYQUEST_MOCK_FLAVOR=true","duration":0.7649999999999864,"failureMessages":[],"meta":{},"tags":[]}],"startTime":1788665657045,"endTime":1788665657055.765,"status":"passed","message":"","name":"C:/dev/AIDM/src/test/credentials.test.ts"},{"assertionResults":[{"ancestorTitles":["engine result formatting"],"fullName":"engine result formatting formats a dice breakdown with rolls, DC and pass/fail","status":"passed","title":"formats a dice breakdown with rolls, DC and pass/fail","duration":5.3530000000000655,"failureMessages":[],"meta":{},"tags":[]},{"ancestorTitles":["engine result formatting"],"fullName":"engine result formatting reports which optional detail sections a result carries","status":"passed","title":"reports which optional detail sections a result carries","duration":2.401299999999992,"failureMessages":[],"meta":{},"tags":[]},{"ancestorTitles":["engine result formatting"],"fullName":"engine result formatting formats cover and total-cover distinctly","status":"passed","title":"formats cover and total-cover distinctly","duration":1.147199999999998,"failureMessages":[],"meta":{},"tags":[]},{"ancestorTitles":["engine result formatting"],"fullName":"engine result formatting formats cover details with none, half, three-quarters, and total cover","status":"passed","title":"formats cover details with none, half, three-quarters, and total cover","duration":0.9311000000000149,"failureMessages":[],"meta":{},"tags":[]},{"ancestorTitles":["engine result formatting"],"fullName":"engine result formatting produces terrain style labels and cover badges for legend display","status":"passed","title":"produces terrain style labels and cover badges for legend display","duration":1.4832000000000107,"failureMessages":[],"meta":{},"tags":[]},{"ancestorTitles":["engine result formatting"],"fullName":"engine result formatting builds a terrain legend from a map including cover entries","status":"passed","title":"builds a terrain legend from a map including cover entries","duration":1.1507999999998901,"failureMessages":[],"meta":{},"tags":[]},{"ancestorTitles":["engine result formatting"],"fullName":"engine result formatting formats opportunity attacks (hit, miss, and warning)","status":"passed","title":"formats opportunity attacks (hit, miss, and warning)","duration":1.1464000000000851,"failureMessages":[],"meta":{},"tags":[]}],"startTime":1788665656895,"endTime":1788665656909.1465,"status":"passed","message":"","name":"C:/dev/AIDM/src/test/dev-panel-format.test.ts"},{"assertionResults":[{"ancestorTitles":["dev panel settings"],"fullName":"dev panel settings defaults every section to off","status":"passed","title":"defaults every section to off","duration":4.786000000000058,"failureMessages":[],"meta":{},"tags":[]},{"ancestorTitles":["dev panel settings"],"fullName":"dev panel settings has a section descriptor for every setting key","status":"passed","title":"has a section descriptor for every setting key","duration":2.0655000000000427,"failureMessages":[],"meta":{},"tags":[]},{"ancestorTitles":["dev panel settings"],"fullName":"dev panel settings merges a stored partial object onto defaults and ignores unknown keys","status":"passed","title":"merges a stored partial object onto defaults and ignores unknown keys","duration":0.8088999999999942,"failureMessages":[],"meta":{},"tags":[]},{"ancestorTitles":["dev panel settings"],"fullName":"dev panel settings parses stored JSON and round-trips a toggle","status":"passed","title":"parses stored JSON and round-trips a toggle","duration":0.5170000000000528,"failureMessages":[],"meta":{},"tags":[]},{"ancestorTitles":["dev panel settings"],"fullName":"dev panel settings falls back to defaults for null or malformed JSON (SSR-safe)","status":"passed","title":"falls back to defaults for null or malformed JSON (SSR-safe)","duration":0.7465000000000828,"failureMessages":[],"meta":{},"tags":[]},{"ancestorTitles":["dev panel settings"],"fullName":"dev panel settings reports whether any section is enabled","status":"passed","title":"reports whether any section is enabled","duration":0.6816000000000031,"failureMessages":[],"meta":{},"tags":[]}],"startTime":1788665657079,"endTime":1788665657089.6816,"status":"passed","message":"","name":"C:/dev/AIDM/src/test/dev-panel-settings.test.ts"},{"assertionResults":[{"ancestorTitles":["play display settings"],"fullName":"play display settings defaults to everything visible (no surprise for existing players)","status":"passed","title":"defaults to everything visible (no surprise for existing players)","duration":5.306500000000028,"failureMessages":[],"meta":{},"tags":[]},{"ancestorTitles":["play display settings"],"fullName":"play display settings merges a partial stored object onto defaults and ignores junk","status":"passed","title":"merges a partial stored object onto defaults and ignores junk","duration":0.9412000000000944,"failureMessages":[],"meta":{},"tags":[]},{"ancestorTitles":["play display settings"],"fullName":"play display settings parses stored JSON and round-trips a toggle","status":"passed","title":"parses stored JSON and round-trips a toggle","duration":0.658399999999915,"failureMessages":[],"meta":{},"tags":[]},{"ancestorTitles":["play display settings"],"fullName":"play display settings falls back to defaults for null/malformed JSON (SSR-safe)","status":"passed","title":"falls back to defaults for null/malformed JSON (SSR-safe)","duration":2.3017000000000962,"failureMessages":[],"meta":{},"tags":[]},{"ancestorTitles":["play display settings"],"fullName":"play display settings reset (full preset) restores defaults","status":"passed","title":"reset (full preset) restores defaults","duration":3.9337999999999056,"failureMessages":[],"meta":{},"tags":[]},{"ancestorTitles":["play display settings"],"fullName":"play display settings minimal preset keeps narration + suggestions, hides aids","status":"passed","title":"minimal preset keeps narration + suggestions, hides aids","duration":1.1774000000000342,"failureMessages":[],"meta":{},"tags":[]},{"ancestorTitles":["play display settings"],"fullName":"play display settings combat preset shows narration/dice/map/character","status":"passed","title":"combat preset shows narration/dice/map/character","duration":0.6008000000000493,"failureMessages":[],"meta":{},"tags":[]},{"ancestorTitles":["play display settings"],"fullName":"play display settings story preset shows narration/suggestions, hides map/dice","status":"passed","title":"story preset shows narration/suggestions, hides map/dice","duration":0.6274999999999409,"failureMessages":[],"meta":{},"tags":[]},{"ancestorTitles":["play display settings"],"fullName":"play display settings does NOT model the Display Settings opener (it can never be hidden)","status":"passed","title":"does NOT model the Display Settings opener (it can never be hidden)","duration":0.8632999999999811,"failureMessages":[],"meta":{},"tags":[]},{"ancestorTitles":["play display settings"],"fullName":"play display settings every section item maps to a real setting key","status":"passed","title":"every section item maps to a real setting key","duration":1.7871000000000095,"failureMessages":[],"meta":{},"tags":[]}],"startTime":1788665656368,"endTime":1788665656386.787,"status":"passed","message":"","name":"C:/dev/AIDM/src/test/display-settings.test.ts"},{"assertionResults":[{"ancestorTitles":["DM turn contracts and state validation"],"fullName":"DM turn contracts and state validation drops player-owned actions that are missing a required characterId","status":"passed","title":"drops player-owned actions that are missing a required characterId","duration":25.643600000000333,"failureMessages":[],"meta":{},"tags":[]},{"ancestorTitles":["DM turn contracts and state validation"],"fullName":"DM turn contracts and state validation strips unknown keys but still rejects narration over 2000 characters","status":"passed","title":"strips unknown keys but still rejects narration over 2000 characters","duration":1.5054000000000087,"failureMessages":[],"meta":{},"tags":[]},{"ancestorTitles":["DM turn contracts and state validation"],"fullName":"DM turn contracts and state validation coerces needsResultBeforeNarrating to false when there are no engine requests","status":"passed","title":"coerces needsResultBeforeNarrating to false when there are no engine requests","duration":37.95470000000023,"failureMessages":[],"meta":{},"tags":[]},{"ancestorTitles":["DM turn contracts and state validation"],"fullName":"DM turn contracts and state validation normalizes an LLM request that uses \"type\" instead of \"kind\"","status":"passed","title":"normalizes an LLM request that uses \"type\" instead of \"kind\"","duration":1.0051000000003114,"failureMessages":[],"meta":{},"tags":[]},{"ancestorTitles":["DM turn contracts and state validation"],"fullName":"DM turn contracts and state validation rejects invalid party character IDs","status":"passed","title":"rejects invalid party character IDs","duration":2.115400000000591,"failureMessages":[],"meta":{},"tags":[]},{"ancestorTitles":["DM turn contracts and state validation"],"fullName":"DM turn contracts and state validation rejects inactive or invented monster target IDs","status":"passed","title":"rejects inactive or invented monster target IDs","duration":1.72820000000047,"failureMessages":[],"meta":{},"tags":[]},{"ancestorTitles":["DM turn contracts and state validation"],"fullName":"DM turn contracts and state validation blocks scene advancement while the objective is incomplete","status":"passed","title":"blocks scene advancement while the objective is incomplete","duration":1.9125999999996566,"failureMessages":[],"meta":{},"tags":[]},{"ancestorTitles":["DM turn contracts and state validation"],"fullName":"DM turn contracts and state validation blocks resolved narration before engine results","status":"passed","title":"blocks resolved narration before engine results","duration":1.4234999999998763,"failureMessages":[],"meta":{},"tags":[]},{"ancestorTitles":["DM turn contracts and state validation"],"fullName":"DM turn contracts and state validation builds a repair prompt containing validation failures","status":"passed","title":"builds a repair prompt containing validation failures","duration":1.4407000000001062,"failureMessages":[],"meta":{},"tags":[]},{"ancestorTitles":["DM turn contracts and state validation"],"fullName":"DM turn contracts and state validation rejects normal actions by unconscious characters and death saves by conscious characters","status":"passed","title":"rejects normal actions by unconscious characters and death saves by conscious characters","duration":1.686200000000099,"failureMessages":[],"meta":{},"tags":[]},{"ancestorTitles":["DM turn contracts and state validation"],"fullName":"DM turn contracts and state validation rejects invalid NPCs, unknown spells, missing inventory, and negative gold","status":"passed","title":"rejects invalid NPCs, unknown spells, missing inventory, and negative gold","duration":1.996299999999792,"failureMessages":[],"meta":{},"tags":[]},{"ancestorTitles":["DM turn contracts and state validation"],"fullName":"DM turn contracts and state validation rejects invalid manual d20 roll 0","status":"passed","title":"rejects invalid manual d20 roll 0","duration":1.1401999999998225,"failureMessages":[],"meta":{},"tags":[]},{"ancestorTitles":["DM turn contracts and state validation"],"fullName":"DM turn contracts and state validation rejects invalid manual d20 roll 21","status":"passed","title":"rejects invalid manual d20 roll 21","duration":0.2528999999994994,"failureMessages":[],"meta":{},"tags":[]},{"ancestorTitles":["DM turn contracts and state validation"],"fullName":"DM turn contracts and state validation rejects invalid manual d20 roll 99","status":"passed","title":"rejects invalid manual d20 roll 99","duration":0.27620000000024447,"failureMessages":[],"meta":{},"tags":[]},{"ancestorTitles":["DM turn contracts and state validation"],"fullName":"DM turn contracts and state validation rejects invalid manual d20 roll NaN","status":"passed","title":"rejects invalid manual d20 roll NaN","duration":0.7590000000000146,"failureMessages":[],"meta":{},"tags":[]},{"ancestorTitles":["adversarial player inputs"],"fullName":"adversarial player inputs clarifies impossible input without invalid requests: I stab the moon.","status":"passed","title":"clarifies impossible input without invalid requests: I stab the moon.","duration":6.77350000000024,"failureMessages":[],"meta":{},"tags":[]},{"ancestorTitles":["adversarial player inputs"],"fullName":"adversarial player inputs clarifies impossible input without invalid requests: I pull out a machine gun.","status":"passed","title":"clarifies impossible input without invalid requests: I pull out a machine gun.","duration":2.6805999999996857,"failureMessages":[],"meta":{},"tags":[]},{"ancestorTitles":["adversarial player inputs"],"fullName":"adversarial player inputs clarifies impossible input without invalid requests: I seduce the locked door.","status":"passed","title":"clarifies impossible input without invalid requests: I seduce the locked door.","duration":1.6962000000003172,"failureMessages":[],"meta":{},"tags":[]},{"ancestorTitles":["adversarial player inputs"],"fullName":"adversarial player inputs clarifies impossible input without invalid requests: I teleport directly to the final boss.","status":"passed","title":"clarifies impossible input without invalid requests: I teleport directly to the final boss.","duration":1.3456999999998516,"failureMessages":[],"meta":{},"tags":[]},{"ancestorTitles":["adversarial player inputs"],"fullName":"adversarial player inputs clarifies impossible input without invalid requests: I declare every monster dead.","status":"passed","title":"clarifies impossible input without invalid requests: I declare every monster dead.","duration":1.6454000000003361,"failureMessages":[],"meta":{},"tags":[]},{"ancestorTitles":["adversarial player inputs"],"fullName":"adversarial player inputs clarifies impossible input without invalid requests: I summon a nuclear submarine.","status":"passed","title":"clarifies impossible input without invalid requests: I summon a nuclear submarine.","duration":1.4735000000000582,"failureMessages":[],"meta":{},"tags":[]},{"ancestorTitles":["adversarial player inputs"],"fullName":"adversarial player inputs clarifies impossible input without invalid requests: I take infinite gold from my pocket.","status":"passed","title":"clarifies impossible input without invalid requests: I take infinite gold from my pocket.","duration":1.4647000000004482,"failureMessages":[],"meta":{},"tags":[]},{"ancestorTitles":["adversarial player inputs"],"fullName":"adversarial player inputs clarifies impossible input without invalid requests: I convince gravity to stop.","status":"passed","title":"clarifies impossible input without invalid requests: I convince gravity to stop.","duration":1.2074000000002343,"failureMessages":[],"meta":{},"tags":[]},{"ancestorTitles":["adversarial player inputs"],"fullName":"adversarial player inputs clarifies impossible input without invalid requests: I skip the adventure and claim victory.","status":"passed","title":"clarifies impossible input without invalid requests: I skip the adventure and claim victory.","duration":1.3493000000007669,"failureMessages":[],"meta":{},"tags":[]},{"ancestorTitles":["adversarial player inputs"],"fullName":"adversarial player inputs clarifies impossible input without invalid requests: I invent the king as my loyal servant.","status":"passed","title":"clarifies impossible input without invalid requests: I invent the king as my loyal servant.","duration":1.5859000000000378,"failureMessages":[],"meta":{},"tags":[]},{"ancestorTitles":["adversarial player inputs"],"fullName":"adversarial player inputs clarifies impossible input without invalid requests: I loot the king's crown.","status":"passed","title":"clarifies impossible input without invalid requests: I loot the king's crown.","duration":1.163300000000163,"failureMessages":[],"meta":{},"tags":[]},{"ancestorTitles":["adversarial player inputs"],"fullName":"adversarial player inputs clarifies impossible input without invalid requests: I cast fireball.","status":"passed","title":"clarifies impossible input without invalid requests: I cast fireball.","duration":1.1396999999997206,"failureMessages":[],"meta":{},"tags":[]},{"ancestorTitles":["adversarial player inputs"],"fullName":"adversarial player inputs clarifies impossible input without invalid requests: I ask the goblin for the final boss password.","status":"passed","title":"clarifies impossible input without invalid requests: I ask the goblin for the final boss password.","duration":5.408199999999852,"failureMessages":[],"meta":{},"tags":[]},{"ancestorTitles":["adversarial player inputs"],"fullName":"adversarial player inputs clarifies impossible input without invalid requests: I skip to the treasure.","status":"passed","title":"clarifies impossible input without invalid requests: I skip to the treasure.","duration":1.4988000000003012,"failureMessages":[],"meta":{},"tags":[]},{"ancestorTitles":["adversarial player inputs"],"fullName":"adversarial player inputs clarifies impossible input without invalid requests: I ask the NPC to solve the puzzle.","status":"passed","title":"clarifies impossible input without invalid requests: I ask the NPC to solve the puzzle.","duration":1.0941000000002532,"failureMessages":[],"meta":{},"tags":[]},{"ancestorTitles":["adversarial player inputs"],"fullName":"adversarial player inputs clarifies impossible input without invalid requests: I fly away.","status":"passed","title":"clarifies impossible input without invalid requests: I fly away.","duration":2.9772000000002663,"failureMessages":[],"meta":{},"tags":[]}],"startTime":1788665652878,"endTime":1788665652995.9773,"status":"passed","message":"","name":"C:/dev/AIDM/src/test/dm-turn-validation.test.ts"},{"assertionResults":[{"ancestorTitles":["engine"],"fullName":"engine resolves skill checks with valid shape","status":"passed","title":"resolves skill checks with valid shape","duration":49.26779999999985,"failureMessages":[],"meta":{},"tags":[]},{"ancestorTitles":["engine"],"fullName":"engine starts combat with initiative order","status":"passed","title":"starts combat with initiative order","duration":2.650100000000066,"failureMessages":[],"meta":{},"tags":[]},{"ancestorTitles":["engine"],"fullName":"engine handles spell slots correctly","status":"passed","title":"handles spell slots correctly","duration":2.2950000000000728,"failureMessages":[],"meta":{},"tags":[]},{"ancestorTitles":["engine"],"fullName":"engine rejects unknown or unlearned spells without consuming a slot","status":"passed","title":"rejects unknown or unlearned spells without consuming a slot","duration":1.3950999999999567,"failureMessages":[],"meta":{},"tags":[]},{"ancestorTitles":["engine"],"fullName":"engine rejects invalid manual rolls, inventory changes, NPCs, and condition targets","status":"passed","title":"rejects invalid manual rolls, inventory changes, NPCs, and condition targets","duration":1.6124999999999545,"failureMessages":[],"meta":{},"tags":[]},{"ancestorTitles":["engine"],"fullName":"engine uses the character weapon damage on a normal hit, not a flat 1d8","status":"passed","title":"uses the character weapon damage on a normal hit, not a flat 1d8","duration":1.6838999999999942,"failureMessages":[],"meta":{},"tags":[]},{"ancestorTitles":["engine"],"fullName":"engine doubles the weapon dice on a critical hit","status":"passed","title":"doubles the weapon dice on a critical hit","duration":1.1222999999999956,"failureMessages":[],"meta":{},"tags":[]},{"ancestorTitles":["engine"],"fullName":"engine uses the monster damage dice on its turn, not a flat 1d6","status":"passed","title":"uses the monster damage dice on its turn, not a flat 1d6","duration":1.932399999999916,"failureMessages":[],"meta":{},"tags":[]},{"ancestorTitles":["engine"],"fullName":"engine activates combat when a player attacks a living enemy out of combat","status":"passed","title":"activates combat when a player attacks a living enemy out of combat","duration":1.4415999999998803,"failureMessages":[],"meta":{},"tags":[]},{"ancestorTitles":["engine"],"fullName":"engine does not crit on a natural 20 that was discarded by disadvantage","status":"passed","title":"does not crit on a natural 20 that was discarded by disadvantage","duration":19.585900000000038,"failureMessages":[],"meta":{},"tags":[]},{"ancestorTitles":["engine"],"fullName":"engine a monster hitting a downed character causes death-save failures, not HP loss","status":"passed","title":"a monster hitting a downed character causes death-save failures, not HP loss","duration":8.624000000000024,"failureMessages":[],"meta":{},"tags":[]},{"ancestorTitles":["engine"],"fullName":"engine a third death-save failure kills the downed character","status":"passed","title":"a third death-save failure kills the downed character","duration":0.8976000000000113,"failureMessages":[],"meta":{},"tags":[]},{"ancestorTitles":["engine"],"fullName":"engine restores resources on long rest","status":"passed","title":"restores resources on long rest","duration":1.435799999999972,"failureMessages":[],"meta":{},"tags":[]},{"ancestorTitles":["engine"],"fullName":"engine resolves spatial movement through the engine when an area graph exists","status":"passed","title":"resolves spatial movement through the engine when an area graph exists","duration":5.259700000000066,"failureMessages":[],"meta":{},"tags":[]}],"startTime":1788665653974,"endTime":1788665654074.2598,"status":"passed","message":"","name":"C:/dev/AIDM/src/test/engine.test.ts"},{"assertionResults":[{"ancestorTitles":["exploration distance intent detection"],"fullName":"exploration distance intent detection recognises ordinary distance phrasing: How far from me to the water","status":"passed","title":"recognises ordinary distance phrasing: How far from me to the water","duration":5.050999999999931,"failureMessages":[],"meta":{},"tags":[]},{"ancestorTitles":["exploration distance intent detection"],"fullName":"exploration distance intent detection recognises ordinary distance phrasing: How far am I from the water?","status":"passed","title":"recognises ordinary distance phrasing: How far am I from the water?","duration":0.671100000000024,"failureMessages":[],"meta":{},"tags":[]},{"ancestorTitles":["exploration distance intent detection"],"fullName":"exploration distance intent detection recognises ordinary distance phrasing: How close is the boathouse?","status":"passed","title":"recognises ordinary distance phrasing: How close is the boathouse?","duration":0.5946000000001277,"failureMessages":[],"meta":{},"tags":[]},{"ancestorTitles":["exploration distance intent detection"],"fullName":"exploration distance intent detection recognises ordinary distance phrasing: How long would it take to walk to the dock?","status":"passed","title":"recognises ordinary distance phrasing: How long would it take to walk to the dock?","duration":0.9889000000000578,"failureMessages":[],"meta":{},"tags":[]},{"ancestorTitles":["exploration distance intent detection"],"fullName":"exploration distance intent detection recognises ordinary distance phrasing: distance to the inn","status":"passed","title":"recognises ordinary distance phrasing: distance to the inn","duration":0.7228000000000065,"failureMessages":[],"meta":{},"tags":[]},{"ancestorTitles":["exploration distance intent detection"],"fullName":"exploration distance intent detection recognises ordinary distance phrasing: how many feet to the gate","status":"passed","title":"recognises ordinary distance phrasing: how many feet to the gate","duration":0.6147999999998319,"failureMessages":[],"meta":{},"tags":[]},{"ancestorTitles":["exploration distance intent detection"],"fullName":"exploration distance intent detection recognises ordinary distance phrasing: where is the old boathouse","status":"passed","title":"recognises ordinary distance phrasing: where is the old boathouse","duration":0.7961999999999989,"failureMessages":[],"meta":{},"tags":[]},{"ancestorTitles":["exploration distance intent detection"],"fullName":"exploration distance intent detection does not treat resource questions as distance questions","status":"passed","title":"does not treat resource questions as distance questions","duration":0.9178999999999178,"failureMessages":[],"meta":{},"tags":[]},{"ancestorTitles":["exploration distance intent detection"],"fullName":"exploration distance intent detection extracts spatial targets from aliases","status":"passed","title":"extracts spatial targets from aliases","duration":2.713799999999992,"failureMessages":[],"meta":{},"tags":[]},{"ancestorTitles":["Fallback exploration distance (regression for the live bug)"],"fullName":"Fallback exploration distance (regression for the live bug) \"How far from me to the water\" gives a useful answer, not \"no battle map\"","status":"passed","title":"\"How far from me to the water\" gives a useful answer, not \"no battle map\"","duration":14.97440000000006,"failureMessages":[],"meta":{},"tags":[]},{"ancestorTitles":["Fallback exploration distance (regression for the live bug)"],"fullName":"Fallback exploration distance (regression for the live bug) \"How far away is the old boathouse?\" gives an honest located answer","status":"passed","title":"\"How far away is the old boathouse?\" gives an honest located answer","duration":3.0713000000000648,"failureMessages":[],"meta":{},"tags":[]},{"ancestorTitles":["Fallback exploration distance (regression for the live bug)"],"fullName":"Fallback exploration distance (regression for the live bug) an unknown target is not invented; known leads are offered","status":"passed","title":"an unknown target is not invented; known leads are offered","duration":2.310799999999972,"failureMessages":[],"meta":{},"tags":[]},{"ancestorTitles":["SKT drawbridge distance still works (no regression)"],"fullName":"SKT drawbridge distance still works (no regression) gives a numeric feet distance on the Nightstone road","status":"passed","title":"gives a numeric feet distance on the Nightstone road","duration":113.87299999999982,"failureMessages":[],"meta":{},"tags":[]}],"startTime":1788665653872,"endTime":1788665654020.873,"status":"passed","message":"","name":"C:/dev/AIDM/src/test/exploration-distance.test.ts"},{"assertionResults":[{"ancestorTitles":["FailedCheckRecovery visibility rule"],"fullName":"FailedCheckRecovery visibility rule shows only for a failed skill check","status":"passed","title":"shows only for a failed skill check","duration":3.1573000000000775,"failureMessages":[],"meta":{},"tags":[]},{"ancestorTitles":["FailedCheckRecovery visibility rule"],"fullName":"FailedCheckRecovery visibility rule hides for a passed skill check","status":"passed","title":"hides for a passed skill check","duration":0.37570000000005166,"failureMessages":[],"meta":{},"tags":[]},{"ancestorTitles":["FailedCheckRecovery visibility rule"],"fullName":"FailedCheckRecovery visibility rule hides for non-skill-check results and when absent","status":"passed","title":"hides for non-skill-check results and when absent","duration":0.41780000000005657,"failureMessages":[],"meta":{},"tags":[]}],"startTime":1788665657170,"endTime":1788665657174.4177,"status":"passed","message":"","name":"C:/dev/AIDM/src/test/failed-check-recovery.test.ts"},{"assertionResults":[{"ancestorTitles":["Groq provider key fallback"],"fullName":"Groq provider key fallback counts a single GROQ_API_KEY","status":"passed","title":"counts a single GROQ_API_KEY","duration":16.47720000000004,"failureMessages":[],"meta":{},"tags":[]},{"ancestorTitles":["Groq provider key fallback"],"fullName":"Groq provider key fallback counts multiple GROQ_API_KEYS","status":"passed","title":"counts multiple GROQ_API_KEYS","duration":1.432299999999941,"failureMessages":[],"meta":{},"tags":[]},{"ancestorTitles":["Groq provider key fallback"],"fullName":"Groq provider key fallback counts GROQ_API_KEY plus GROQ_API_KEYS with duplicates removed","status":"passed","title":"counts GROQ_API_KEY plus GROQ_API_KEYS with duplicates removed","duration":11.656600000000026,"failureMessages":[],"meta":{},"tags":[]},{"ancestorTitles":["Groq provider key fallback"],"fullName":"Groq provider key fallback tries the second Groq key after the first returns 429","status":"passed","title":"tries the second Groq key after the first returns 429","duration":10.607100000000173,"failureMessages":[],"meta":{},"tags":[]},{"ancestorTitles":["Groq provider key fallback"],"fullName":"Groq provider key fallback tries the next Groq key when the first returns invalid JSON","status":"passed","title":"tries the next Groq key when the first returns invalid JSON","duration":21.74030000000016,"failureMessages":[],"meta":{},"tags":[]},{"ancestorTitles":["Groq provider key fallback"],"fullName":"Groq provider key fallback returns null when all Groq keys fail","status":"passed","title":"returns null when all Groq keys fail","duration":1.3034999999999854,"failureMessages":[],"meta":{},"tags":[]}],"startTime":1788665656486,"endTime":1788665656550.3035,"status":"passed","message":"","name":"C:/dev/AIDM/src/test/groq-provider.test.ts"},{"assertionResults":[{"ancestorTitles":["dead-monster detector"],"fullName":"dead-monster detector flags a downed monster narrated as taking an offensive action","status":"passed","title":"flags a downed monster narrated as taking an offensive action","duration":90.74420000000009,"failureMessages":[],"meta":{},"tags":[]},{"ancestorTitles":["dead-monster detector"],"fullName":"dead-monster detector does not flag a downed monster merely being described as fallen","status":"passed","title":"does not flag a downed monster merely being described as fallen","duration":3.4909999999999854,"failureMessages":[],"meta":{},"tags":[]},{"ancestorTitles":["dead-monster detector"],"fullName":"dead-monster detector does not flag a living monster that attacks","status":"passed","title":"does not flag a living monster that attacks","duration":2.1815999999998894,"failureMessages":[],"meta":{},"tags":[]},{"ancestorTitles":["getNarrationRepairAttempts"],"fullName":"getNarrationRepairAttempts defaults when unset","status":"passed","title":"defaults when unset","duration":1.7188000000001011,"failureMessages":[],"meta":{},"tags":[]},{"ancestorTitles":["getNarrationRepairAttempts"],"fullName":"getNarrationRepairAttempts reads a valid value","status":"passed","title":"reads a valid value","duration":0.8072999999999411,"failureMessages":[],"meta":{},"tags":[]},{"ancestorTitles":["getNarrationRepairAttempts"],"fullName":"getNarrationRepairAttempts clamps above the ceiling","status":"passed","title":"clamps above the ceiling","duration":0.675899999999956,"failureMessages":[],"meta":{},"tags":[]},{"ancestorTitles":["getNarrationRepairAttempts"],"fullName":"getNarrationRepairAttempts falls back to default on garbage","status":"passed","title":"falls back to default on garbage","duration":0.5459999999998217,"failureMessages":[],"meta":{},"tags":[]},{"ancestorTitles":["healNarration"],"fullName":"healNarration returns the original narration untouched when there are no contradictions","status":"passed","title":"returns the original narration untouched when there are no contradictions","duration":6.150600000000168,"failureMessages":[],"meta":{},"tags":[]},{"ancestorTitles":["healNarration"],"fullName":"healNarration re-prompts with the contradictions and accepts a corrected rewrite","status":"passed","title":"re-prompts with the contradictions and accepts a corrected rewrite","duration":4.057999999999993,"failureMessages":[],"meta":{},"tags":[]},{"ancestorTitles":["healNarration"],"fullName":"healNarration exhausts attempts then falls back to engine-safe narration","status":"passed","title":"exhausts attempts then falls back to engine-safe narration","duration":3.593699999999899,"failureMessages":[],"meta":{},"tags":[]},{"ancestorTitles":["healNarration"],"fullName":"healNarration falls back immediately when the narrator is unavailable","status":"passed","title":"falls back immediately when the narrator is unavailable","duration":1.8523000000000138,"failureMessages":[],"meta":{},"tags":[]}],"startTime":1788665653687,"endTime":1788665653803.8523,"status":"passed","message":"","name":"C:/dev/AIDM/src/test/heal-narration.test.ts"},{"assertionResults":[{"ancestorTitles":["Large creature occupancy"],"fullName":"Large creature occupancy occupies all four cells of its 2x2 footprint, not just the anchor","status":"passed","title":"occupies all four cells of its 2x2 footprint, not just the anchor","duration":8.394800000000032,"failureMessages":[],"meta":{},"tags":[]},{"ancestorTitles":["Large creature movement"],"fullName":"Large creature movement cannot squeeze through a 1-wide gap a Medium creature could pass","status":"passed","title":"cannot squeeze through a 1-wide gap a Medium creature could pass","duration":4.741100000000074,"failureMessages":[],"meta":{},"tags":[]},{"ancestorTitles":["Large creature movement"],"fullName":"Large creature movement cannot end a move where any footprint cell overlaps a blocked cell","status":"passed","title":"cannot end a move where any footprint cell overlaps a blocked cell","duration":0.8333000000000084,"failureMessages":[],"meta":{},"tags":[]},{"ancestorTitles":["Large creature movement"],"fullName":"Large creature movement cannot end a move overlapping another creature with any footprint cell","status":"passed","title":"cannot end a move overlapping another creature with any footprint cell","duration":0.8220000000000027,"failureMessages":[],"meta":{},"tags":[]},{"ancestorTitles":["Large creature reach and opportunity attacks"],"fullName":"Large creature reach and opportunity attacks is adjacent to cells next to any of its footprint cells","status":"passed","title":"is adjacent to cells next to any of its footprint cells","duration":1.3579999999999472,"failureMessages":[],"meta":{},"tags":[]},{"ancestorTitles":["Large creature reach and opportunity attacks"],"fullName":"Large creature reach and opportunity attacks triggers an OA when leaving the expanded reach of a Large creature","status":"passed","title":"triggers an OA when leaving the expanded reach of a Large creature","duration":0.9957999999999174,"failureMessages":[],"meta":{},"tags":[]},{"ancestorTitles":["Large creature blocks line of sight"],"fullName":"Large creature blocks line of sight blocks sight through a non-anchor footprint cell","status":"passed","title":"blocks sight through a non-anchor footprint cell","duration":1.3899999999999864,"failureMessages":[],"meta":{},"tags":[]}],"startTime":1788665656639,"endTime":1788665656658.39,"status":"passed","message":"","name":"C:/dev/AIDM/src/test/large-footprint.test.ts"},{"assertionResults":[{"ancestorTitles":["resolveMapMode"],"fullName":"resolveMapMode returns exploration for a Nightstone scene out of combat","status":"passed","title":"returns exploration for a Nightstone scene out of combat","duration":38.796800000000076,"failureMessages":[],"meta":{},"tags":[]},{"ancestorTitles":["resolveMapMode"],"fullName":"resolveMapMode returns combat (priority) when a battle map is active","status":"passed","title":"returns combat (priority) when a battle map is active","duration":13.912800000000061,"failureMessages":[],"meta":{},"tags":[]},{"ancestorTitles":["resolveMapMode"],"fullName":"resolveMapMode returns empty for an adventure with no exploration graph and no combat","status":"passed","title":"returns empty for an adventure with no exploration graph and no combat","duration":12.63760000000002,"failureMessages":[],"meta":{},"tags":[]},{"ancestorTitles":["buildExplorationMapView (Nightstone)"],"fullName":"buildExplorationMapView (Nightstone) shows the current area with name and exits","status":"passed","title":"shows the current area with name and exits","duration":16.159700000000157,"failureMessages":[],"meta":{},"tags":[]},{"ancestorTitles":["buildExplorationMapView (Nightstone)"],"fullName":"buildExplorationMapView (Nightstone) gives each exit a \"Move to <name>\" suggestion and distance/difficulty","status":"passed","title":"gives each exit a \"Move to <name>\" suggestion and distance/difficulty","duration":17.645700000000033,"failureMessages":[],"meta":{},"tags":[]},{"ancestorTitles":["buildExplorationMapView (Nightstone)"],"fullName":"buildExplorationMapView (Nightstone) marks a gated exit as locked (needs a key/condition)","status":"passed","title":"marks a gated exit as locked (needs a key/condition)","duration":25.554399999999987,"failureMessages":[],"meta":{},"tags":[]},{"ancestorTitles":["buildExplorationMapView (Nightstone)"],"fullName":"buildExplorationMapView (Nightstone) lists scene NPCs as tappable talk suggestions, no hidden monsters","status":"passed","title":"lists scene NPCs as tappable talk suggestions, no hidden monsters","duration":15.510999999999513,"failureMessages":[],"meta":{},"tags":[]},{"ancestorTitles":["buildExplorationMapView (Nightstone)"],"fullName":"buildExplorationMapView (Nightstone) returns null when no current area resolves","status":"passed","title":"returns null when no current area resolves","duration":20.25550000000021,"failureMessages":[],"meta":{},"tags":[]}],"startTime":1788665652539,"endTime":1788665652701.2556,"status":"passed","message":"","name":"C:/dev/AIDM/src/test/map-view.test.ts"},{"assertionResults":[{"ancestorTitles":["mock multi-request turns"],"fullName":"mock multi-request turns applies canon fact on successful social ask (3 engine requests)","status":"passed","title":"applies canon fact on successful social ask (3 engine requests)","duration":83.01099999999997,"failureMessages":[],"meta":{},"tags":[]}],"startTime":1788665654337,"endTime":1788665654420.011,"status":"passed","message":"","name":"C:/dev/AIDM/src/test/mock-canonical.test.ts"},{"assertionResults":[{"ancestorTitles":["mock DM hints"],"fullName":"mock DM hints handles social observation without asking who acts: i look around","status":"passed","title":"handles social observation without asking who acts: i look around","duration":56.608900000000176,"failureMessages":[],"meta":{},"tags":[]},{"ancestorTitles":["mock DM hints"],"fullName":"mock DM hints handles social observation without asking who acts: what do i see","status":"passed","title":"handles social observation without asking who acts: what do i see","duration":3.6894999999999527,"failureMessages":[],"meta":{},"tags":[]},{"ancestorTitles":["mock DM hints"],"fullName":"mock DM hints handles social observation without asking who acts: i check the room","status":"passed","title":"handles social observation without asking who acts: i check the room","duration":1.0719000000001415,"failureMessages":[],"meta":{},"tags":[]},{"ancestorTitles":["mock DM hints"],"fullName":"mock DM hints 
[...]
ngine request contracts"],"fullName":"spatial engine request contracts parses { kind: 'move_area', actorId: 'fighter', targetAreaId: 'temple' }","status":"passed","title":"parses { kind: 'move_area', actorId: 'fighter', targetAreaId: 'temple' }","duration":18.874199999999973,"failureMessages":[],"meta":{},"tags":[]},{"ancestorTitles":["spatial engine request contracts"],"fullName":"spatial engine request contracts parses { kind: 'query_current_area', actorId: 'fighter' }","status":"passed","title":"parses { kind: 'query_current_area', actorId: 'fighter' }","duration":1.4458999999999378,"failureMessages":[],"meta":{},"tags":[]},{"ancestorTitles":["spatial engine request contracts"],"fullName":"spatial engine request contracts parses { kind: 'query_exits', actorId: 'fighter' }","status":"passed","title":"parses { kind: 'query_exits', actorId: 'fighter' }","duration":1.5125000000000455,"failureMessages":[],"meta":{},"tags":[]},{"ancestorTitles":["spatial engine request contracts"],"fullName":"spatial engine request contracts parses { kind: 'query_actors_present', actorId: 'fighter' }","status":"passed","title":"parses { kind: 'query_actors_present', actorId: 'fighter' }","duration":1.0239999999998872,"failureMessages":[],"meta":{},"tags":[]},{"ancestorTitles":["spatial engine request contracts"],"fullName":"spatial engine request contracts parses { kind: 'query_path_exists', fromAreaId: 'gatehouse', toAreaId: 'temple' }","status":"passed","title":"parses { kind: 'query_path_exists', fromAreaId: 'gatehouse', toAreaId: 'temple' }","duration":1.4355000000000473,"failureMessages":[],"meta":{},"tags":[]},{"ancestorTitles":["spatial engine request contracts"],"fullName":"spatial engine request contracts repairs type to kind for spatial requests","status":"passed","title":"repairs type to kind for spatial requests","duration":3.829100000000153,"failureMessages":[],"meta":{},"tags":[]},{"ancestorTitles":["spatial engine request contracts"],"fullName":"spatial engine request contracts strips stray keys from spatial requests","status":"passed","title":"strips stray keys from spatial requests","duration":1.3559000000000196,"failureMessages":[],"meta":{},"tags":[]}],"startTime":1788665656476,"endTime":1788665656505.356,"status":"passed","message":"","name":"C:/dev/AIDM/src/test/spatial-contract.test.ts"},{"assertionResults":[{"ancestorTitles":["drawbridge distance regression (Nightstone Chapter 1, road-to-nightstone)"],"fullName":"drawbridge distance regression (Nightstone Chapter 1, road-to-nightstone) answers the exact failing prompt with a numeric feet distance","status":"passed","title":"answers the exact failing prompt with a numeric feet distance","duration":67.84920000000011,"failureMessages":[],"meta":{},"tags":[]},{"ancestorTitles":["drawbridge distance regression (Nightstone Chapter 1, road-to-nightstone)"],"fullName":"drawbridge distance regression (Nightstone Chapter 1, road-to-nightstone) includes a movement implication (normal move / Dash / turns)","status":"passed","title":"includes a movement implication (normal move / Dash / turns)","duration":73.9353000000001,"failureMessages":[],"meta":{},"tags":[]},{"ancestorTitles":["drawbridge distance regression (Nightstone Chapter 1, road-to-nightstone)"],"fullName":"drawbridge distance regression (Nightstone Chapter 1, road-to-nightstone) does not teleport the party to an unreachable landmark","status":"passed","title":"does not teleport the party to an unreachable landmark","duration":84.51469999999995,"failureMessages":[],"meta":{},"tags":[]}],"startTime":1788665654175,"endTime":1788665654401.5146,"status":"passed","message":"","name":"C:/dev/AIDM/src/test/spatial-distance-regression.test.ts"},{"assertionResults":[{"ancestorTitles":["exploration state wiring"],"fullName":"exploration state wiring seeds exploration state for an adventure with an authored area graph","status":"passed","title":"seeds exploration state for an adventure with an authored area graph","duration":43.42509999999993,"failureMessages":[],"meta":{},"tags":[]},{"ancestorTitles":["exploration state wiring"],"fullName":"exploration state wiring leaves exploration undefined for adventures without a graph","status":"passed","title":"leaves exploration undefined for adventures without a graph","duration":1.0708000000001903,"failureMessages":[],"meta":{},"tags":[]},{"ancestorTitles":["exploration state wiring"],"fullName":"exploration state wiring backfills exploration on migrate for an old save missing it","status":"passed","title":"backfills exploration on migrate for an old save missing it","duration":1.4723999999998796,"failureMessages":[],"meta":{},"tags":[]},{"ancestorTitles":["exploration state wiring"],"fullName":"exploration state wiring round-trips a move_area request through the engine","status":"passed","title":"round-trips a move_area request through the engine","duration":9.113500000000158,"failureMessages":[],"meta":{},"tags":[]},{"ancestorTitles":["exploration state wiring"],"fullName":"exploration state wiring keeps a gated connection locked when the party lacks the key","status":"passed","title":"keeps a gated connection locked when the party lacks the key","duration":7.184700000000021,"failureMessages":[],"meta":{},"tags":[]},{"ancestorTitles":["exploration state wiring"],"fullName":"exploration state wiring unlocks a gated connection when an inventory key satisfies the tag","status":"passed","title":"unlocks a gated connection when an inventory key satisfies the tag","duration":1.366399999999885,"failureMessages":[],"meta":{},"tags":[]},{"ancestorTitles":["exploration state wiring"],"fullName":"exploration state wiring rejects an illegal move_area to a non-connected area","status":"passed","title":"rejects an illegal move_area to a non-connected area","duration":1.0068999999998596,"failureMessages":[],"meta":{},"tags":[]}],"startTime":1788665655242,"endTime":1788665655307.0068,"status":"passed","message":"","name":"C:/dev/AIDM/src/test/spatial-state.test.ts"},{"assertionResults":[{"ancestorTitles":["authored battle-map parsing"],"fullName":"authored battle-map parsing places difficult, blocked, blocksSight and cover cells","status":"passed","title":"places difficult, blocked, blocksSight and cover cells","duration":7.943500000000313,"failureMessages":[],"meta":{},"tags":[]},{"ancestorTitles":["authored battle-map parsing"],"fullName":"authored battle-map parsing expands regions across every cell in range","status":"passed","title":"expands regions across every cell in range","duration":1.1962000000003172,"failureMessages":[],"meta":{},"tags":[]},{"ancestorTitles":["authored battle-map parsing"],"fullName":"authored battle-map parsing warns and skips out-of-bounds and unknown values rather than crashing","status":"passed","title":"warns and skips out-of-bounds and unknown values rather than crashing","duration":1.010099999999511,"failureMessages":[],"meta":{},"tags":[]},{"ancestorTitles":["buildBattleMap with authored terrain"],"fullName":"buildBattleMap with authored terrain uses authored dimensions and cells","status":"passed","title":"uses authored dimensions and cells","duration":37.278699999999844,"failureMessages":[],"meta":{},"tags":[]},{"ancestorTitles":["buildBattleMap with authored terrain"],"fullName":"buildBattleMap with authored terrain does not place an actor on a blocked cell","status":"passed","title":"does not place an actor on a blocked cell","duration":2.1508999999996377,"failureMessages":[],"meta":{},"tags":[]},{"ancestorTitles":["buildBattleMap with authored terrain"],"fullName":"buildBattleMap with authored terrain falls back to a featureless 8x6 grid when no terrain is authored","status":"passed","title":"falls back to a featureless 8x6 grid when no terrain is authored","duration":0.966099999999642,"failureMessages":[],"meta":{},"tags":[]},{"ancestorTitles":["start_combat consumes authored encounter terrain"],"fullName":"start_combat consumes authored encounter terrain builds the crypt battle map with its pillars and rubble","status":"passed","title":"builds the crypt battle map with its pillars and rubble","duration":5.450600000000122,"failureMessages":[],"meta":{},"tags":[]},{"ancestorTitles":["authored terrain affects movement and line of sight"],"fullName":"authored terrain affects movement and line of sight blocks movement into authored blocked cells and sight through blocksSight cells","status":"passed","title":"blocks movement into authored blocked cells and sight through blocksSight cells","duration":2.1575999999995474,"failureMessages":[],"meta":{},"tags":[]}],"startTime":1788665652516,"endTime":1788665652575.1577,"status":"passed","message":"","name":"C:/dev/AIDM/src/test/tactical-authoring.test.ts"},{"assertionResults":[{"ancestorTitles":["tactical engine dispatch"],"fullName":"tactical engine dispatch returns a failure when no battle map is active","status":"passed","title":"returns a failure when no battle map is active","duration":40.58340000000044,"failureMessages":[],"meta":{},"tags":[]},{"ancestorTitles":["tactical engine dispatch"],"fullName":"tactical engine dispatch resolves move_creature and updates the battle map position","status":"passed","title":"resolves move_creature and updates the battle map position","duration":15.059699999999793,"failureMessages":[],"meta":{},"tags":[]},{"ancestorTitles":["tactical engine dispatch"],"fullName":"tactical engine dispatch exposes query_reachable through the engine result payload","status":"passed","title":"exposes query_reachable through the engine result payload","duration":9.925000000000182,"failureMessages":[],"meta":{},"tags":[]},{"ancestorTitles":["tactical engine dispatch"],"fullName":"tactical engine dispatch migrates an old combat save with a legacy grid into a battleMap","status":"passed","title":"migrates an old combat save with a legacy grid into a battleMap","duration":2.2211999999999534,"failureMessages":[],"meta":{},"tags":[]}],"startTime":1788665652530,"endTime":1788665652598.2212,"status":"passed","message":"","name":"C:/dev/AIDM/src/test/tactical-engine.test.ts"},{"assertionResults":[{"ancestorTitles":["movement budget"],"fullName":"movement budget lets a 30 ft speed reach 6 normal squares but not 7","status":"passed","title":"lets a 30 ft speed reach 6 normal squares but not 7","duration":15.36220000000003,"failureMessages":[],"meta":{},"tags":[]},{"ancestorTitles":["movement budget"],"fullName":"movement budget resolves a legal move and tracks spent/remaining movement","status":"passed","title":"resolves a legal move and tracks spent/remaining movement","duration":8.875400000000013,"failureMessages":[],"meta":{},"tags":[]},{"ancestorTitles":["movement budget"],"fullName":"movement budget reports insufficient movement (and required distance) for a too-far move","status":"passed","title":"reports insufficient movement (and required distance) for a too-far move","duration":12.653599999999983,"failureMessages":[],"meta":{},"tags":[]},{"ancestorTitles":["dash and difficult terrain"],"fullName":"dash and difficult terrain dash adds movement equal to speed and consumes the action","status":"passed","title":"dash adds movement equal to speed and consumes the action","duration":9.572000000000003,"failureMessages":[],"meta":{},"tags":[]},{"ancestorTitles":["dash and difficult terrain"],"fullName":"dash and difficult terrain difficult terrain costs double to enter","status":"passed","title":"difficult terrain costs double to enter","duration":1.4247000000000298,"failureMessages":[],"meta":{},"tags":[]},{"ancestorTitles":["blocked and occupied cells"],"fullName":"blocked and occupied cells cannot enter a blocked cell","status":"passed","title":"cannot enter a blocked cell","duration":1.4558000000000675,"failureMessages":[],"meta":{},"tags":[]},{"ancestorTitles":["blocked and occupied cells"],"fullName":"blocked and occupied cells cannot end movement in an occupied cell","status":"passed","title":"cannot end movement in an occupied cell","duration":0.9070000000000391,"failureMessages":[],"meta":{},"tags":[]},{"ancestorTitles":["blocked and occupied cells"],"fullName":"blocked and occupied cells passes through an allied space at difficult-terrain cost","status":"passed","title":"passes through an allied space at difficult-terrain cost","duration":2.0172000000000025,"failureMessages":[],"meta":{},"tags":[]},{"ancestorTitles":["blocked and occupied cells"],"fullName":"blocked and occupied cells cannot pass through a hostile space","status":"passed","title":"cannot pass through a hostile space","duration":1.2975000000000136,"failureMessages":[],"meta":{},"tags":[]},{"ancestorTitles":["opportunity attacks"],"fullName":"opportunity attacks triggers when leaving a hostile reach without disengaging","status":"passed","title":"triggers when leaving a hostile reach without disengaging","duration":7.819499999999948,"failureMessages":[],"meta":{},"tags":[]},{"ancestorTitles":["opportunity attacks"],"fullName":"opportunity attacks does not trigger after Disengage","status":"passed","title":"does not trigger after Disengage","duration":7.841499999999996,"failureMessages":[],"meta":{},"tags":[]},{"ancestorTitles":["opportunity attacks"],"fullName":"opportunity attacks does not trigger if the mover stays within reach","status":"passed","title":"does not trigger if the mover stays within reach","duration":9.583700000000022,"failureMessages":[],"meta":{},"tags":[]},{"ancestorTitles":["hex adapter"],"fullName":"hex adapter computes axial neighbours and cube distance","status":"passed","title":"computes axial neighbours and cube distance","duration":6.199000000000069,"failureMessages":[],"meta":{},"tags":[]},{"ancestorTitles":["hex adapter"],"fullName":"hex adapter square adapter alternating diagonal costs differ from simple","status":"passed","title":"square adapter alternating diagonal costs differ from simple","duration":0.8350999999998976,"failureMessages":[],"meta":{},"tags":[]}],"startTime":1788665654669,"endTime":1788665654756.8352,"status":"passed","message":"","name":"C:/dev/AIDM/src/test/tactical-movement.test.ts"},{"assertionResults":[{"ancestorTitles":["melee reach and ranged range"],"fullName":"melee reach and ranged range melee succeeds when the target is within reach","status":"passed","title":"melee succeeds when the target is within reach","duration":6.901700000000005,"failureMessages":[],"meta":{},"tags":[]},{"ancestorTitles":["melee reach and ranged range"],"fullName":"melee reach and ranged range melee fails when the target is out of reach","status":"passed","title":"melee fails when the target is out of reach","duration":1.0993000000000848,"failureMessages":[],"meta":{},"tags":[]},{"ancestorTitles":["melee reach and ranged range"],"fullName":"melee reach and ranged range ranged succeeds within range and fails outside it","status":"passed","title":"ranged succeeds within range and fails outside it","duration":1.7951000000000477,"failureMessages":[],"meta":{},"tags":[]},{"ancestorTitles":["melee reach and ranged range"],"fullName":"melee reach and ranged range query_targets_in_range respects distance","status":"passed","title":"query_targets_in_range respects distance","duration":3.4279999999999973,"failureMessages":[],"meta":{},"tags":[]},{"ancestorTitles":["line of sight and cover"],"fullName":"line of sight and cover reports a clear line of sight with no cover when nothing blocks","status":"passed","title":"reports a clear line of sight with no cover when nothing blocks","duration":0.7969000000000506,"failureMessages":[],"meta":{},"tags":[]},{"ancestorTitles":["line of sight and cover"],"fullName":"line of sight and cover a sight-blocking wall blocks line of sight (total cover)","status":"passed","title":"a sight-blocking wall blocks line of sight (total cover)","duration":0.5967000000000553,"failureMessages":[],"meta":{},"tags":[]},{"ancestorTitles":["line of sight and cover"],"fullName":"line of sight and cover a see-through movement blocker grants half cover","status":"passed","title":"a see-through movement blocker grants half cover","duration":0.6393000000000484,"failureMessages":[],"meta":{},"tags":[]},{"ancestorTitles":["line of sight and cover"],"fullName":"line of sight and cover total cover prevents ranged targeting","status":"passed","title":"total cover prevents ranged targeting","duration":0.718900000000076,"failureMessages":[],"meta":{},"tags":[]},{"ancestorTitles":["z-axis: distance and falling"],"fullName":"z-axis: distance and falling counts vertical separation in distance","status":"passed","title":"counts vertical separation in distance","duration":0.7189999999999372,"failureMessages":[],"meta":{},"tags":[]},{"ancestorTitles":["z-axis: distance and falling"],"fullName":"z-axis: distance and falling resolves a fall to the floor with 5e fall damage","status":"passed","title":"resolves a fall to the floor with 5e fall damage","duration":1.5725999999999658,"failureMessages":[],"meta":{},"tags":[]},{"ancestorTitles":["z-axis: distance and falling"],"fullName":"z-axis: distance and falling does not fall while flying","status":"passed","title":"does not fall while flying","duration":0.4994000000000369,"failureMessages":[],"meta":{},"tags":[]}],"startTime":1788665656316,"endTime":1788665656336.4995,"status":"passed","message":"","name":"C:/dev/AIDM/src/test/tactical-range.test.ts"},{"assertionResults":[{"ancestorTitles":["Table Rules fallback when AI generation fails"],"fullName":"Table Rules fallback when AI generation fails falls back to Table Rules for Hello","status":"passed","title":"falls back to Table Rules for Hello","duration":539.4323000000004,"failureMessages":[],"meta":{},"tags":[]},{"ancestorTitles":["Table Rules fallback when AI generation fails"],"fullName":"Table Rules fallback when AI generation fails falls back to Table Rules for I look around","status":"passed","title":"falls back to Table Rules for I look around","duration":133.5751999999993,"failureMessages":[],"meta":{},"tags":[]},{"ancestorTitles":["Table Rules fallback when AI generation fails"],"fullName":"Table Rules fallback when AI generation fails falls back to Table Rules for Describe the scene","status":"passed","title":"falls back to Table Rules for Describe the scene","duration":195.33280000000013,"failureMessages":[],"meta":{},"tags":[]}],"startTime":1788665653316,"endTime":1788665654184.3328,"status":"passed","message":"","name":"C:/dev/AIDM/src/test/turn-fallback.test.ts"},{"assertionResults":[{"ancestorTitles":["validateNarrationAgainstState"],"fullName":"validateNarrationAgainstState flags wrong HP in narration","status":"passed","title":"flags wrong HP in narration","duration":43.74610000000007,"failureMessages":[],"meta":{},"tags":[]},{"ancestorTitles":["validateNarrationAgainstState"],"fullName":"validateNarrationAgainstState passes when narration avoids numeric claims","status":"passed","title":"passes when narration avoids numeric claims","duration":3.3411000000000968,"failureMessages":[],"meta":{},"tags":[]},{"ancestorTitles":["validateNarrationAgainstState"],"fullName":"validateNarrationAgainstState flags wrong AC","status":"passed","title":"flags wrong AC","duration":2.095100000000002,"failureMessages":[],"meta":{},"tags":[]},{"ancestorTitles":["validateNarrationAgainstState"],"fullName":"validateNarrationAgainstState flags narration that contradicts engine success or failure","status":"passed","title":"flags narration that contradicts engine success or failure","duration":5.1474000000000615,"failureMessages":[],"meta":{},"tags":[]},{"ancestorTitles":["validateNarrationAgainstState"],"fullName":"validateNarrationAgainstState flags unsupported damage and produces an engine-safe fallback","status":"passed","title":"flags unsupported damage and produces an engine-safe fallback","duration":1.253099999999904,"failureMessages":[],"meta":{},"tags":[]}],"startTime":1788665655480,"endTime":1788665655536.2532,"status":"passed","message":"","name":"C:/dev/AIDM/src/test/validate-narration.test.ts"}]}